app/build/intermediates/manifest_merge_blame_file/release/processReleaseMainManifest/manifest-merger-blame-release-report.txt
1<?xml version="1.0" encoding="utf-8"?>
2<manifest xmlns:android="http://schemas.android.com/apk/res/android"
3    package="com.jfcardenas.musicwall"
4    android:versionCode="1"
5    android:versionName="1.0" >
6
7    <uses-sdk
7-->INJECTED
8        android:minSdkVersion="26"
8-->INJECTED
9        android:targetSdkVersion="35" />
9-->INJECTED
10
11    <uses-permission android:name="android.permission.INTERNET" />
11-->src\main\AndroidManifest.xml:5:5-67
11-->src\main\AndroidManifest.xml:5:22-64
12    <uses-permission android:name="android.permission.POST_NOTIFICATIONS" />
12-->src\main\AndroidManifest.xml:6:5-77
12-->src\main\AndroidManifest.xml:6:22-74
13    <uses-permission android:name="android.permission.FOREGROUND_SERVICE" />
13-->src\main\AndroidManifest.xml:7:5-77
13-->src\main\AndroidManifest.xml:7:22-74
14    <uses-permission android:name="android.permission.FOREGROUND_SERVICE_SPECIAL_USE" />
14-->src\main\AndroidManifest.xml:8:5-89
14-->src\main\AndroidManifest.xml:8:22-86
15    <uses-permission android:name="android.permission.ACCESS_NETWORK_STATE" />
15-->src\main\AndroidManifest.xml:9:5-79
15-->src\main\AndroidManifest.xml:9:22-76
16    <uses-permission android:name="android.permission.SET_WALLPAPER" />
16-->src\main\AndroidManifest.xml:10:5-72
16-->src\main\AndroidManifest.xml:10:22-69
17
18    <uses-feature
18-->src\main\AndroidManifest.xml:11:5-92
19        android:name="android.software.live_wallpaper"
19-->src\main\AndroidManifest.xml:11:19-65
20        android:required="true" />
20-->src\main\AndroidManifest.xml:11:66-89
21
22    <uses-permission android:name="android.permission.WAKE_LOCK" />
22-->[androidx.work:work-runtime:2.9.1] AndroidManifest.xml:23:5-68
22-->[androidx.work:work-runtime:2.9.1] AndroidManifest.xml:23:22-65
23    <uses-permission android:name="android.permission.RECEIVE_BOOT_COMPLETED" />
23-->[androidx.work:work-runtime:2.9.1] AndroidManifest.xml:25:5-81
23-->[androidx.work:work-runtime:2.9.1] AndroidManifest.xml:25:22-78
24
25    <permission
25-->[androidx.core:core:1.13.1] AndroidManifest.xml:22:5-24:47
26        android:name="com.jfcardenas.musicwall.DYNAMIC_RECEIVER_NOT_EXPORTED_PERMISSION"
26-->[androidx.core:core:1.13.1] AndroidManifest.xml:23:9-81
27        android:protectionLevel="signature" />
27-->[androidx.core:core:1.13.1] AndroidManifest.xml:24:9-44
28
29    <uses-permission android:name="com.jfcardenas.musicwall.DYNAMIC_RECEIVER_NOT_EXPORTED_PERMISSION" />
29-->[androidx.core:core:1.13.1] AndroidManifest.xml:26:5-97
29-->[androidx.core:core:1.13.1] AndroidManifest.xml:26:22-94
30
31    <application
31-->src\main\AndroidManifest.xml:13:5-105:19
32        android:name="com.jfcardenas.musicwall.MusicWallApp"
32-->src\main\AndroidManifest.xml:14:9-37
33        android:allowBackup="false"
33-->src\main\AndroidManifest.xml:19:9-36
34        android:appComponentFactory="androidx.core.app.CoreComponentFactory"
34-->[androidx.core:core:1.13.1] AndroidManifest.xml:28:18-86
35        android:extractNativeLibs="false"
35-->INJECTED
36        android:icon="@mipmap/ic_launcher"
36-->src\main\AndroidManifest.xml:16:9-43
37        android:label="@string/app_name"
37-->src\main\AndroidManifest.xml:15:9-41
38        android:roundIcon="@mipmap/ic_launcher_round"
38-->src\main\AndroidManifest.xml:17:9-54
39        android:supportsRtl="true"
39-->src\main\AndroidManifest.xml:18:9-35
40        android:theme="@style/Theme.MusicWall" >
40-->src\main\AndroidManifest.xml:20:9-47
41        <service
41-->src\main\AndroidManifest.xml:22:9-29:19
42            android:name="com.jfcardenas.musicwall.service.NowPlayingListenerService"
42-->src\main\AndroidManifest.xml:23:13-62
43            android:exported="true"
43-->src\main\AndroidManifest.xml:24:13-36
44            android:permission="android.permission.BIND_NOTIFICATION_LISTENER_SERVICE" >
44-->src\main\AndroidManifest.xml:25:13-87
45            <intent-filter>
45-->src\main\AndroidManifest.xml:26:13-28:29
46                <action android:name="android.service.notification.NotificationListenerService" />
46-->src\main\AndroidManifest.xml:27:17-99
46-->src\main\AndroidManifest.xml:27:25-96
47            </intent-filter>
48        </service>
49        <service
49-->src\main\AndroidManifest.xml:31:9-38:19
50            android:name="com.jfcardenas.musicwall.service.ScrobbleForegroundService"
50-->src\main\AndroidManifest.xml:32:13-62
51            android:exported="false"
51-->src\main\AndroidManifest.xml:33:13-37
52            android:foregroundServiceType="specialUse" >
52-->src\main\AndroidManifest.xml:34:13-55
53            <property
53-->src\main\AndroidManifest.xml:35:13-37:83
54                android:name="android.app.PROPERTY_SPECIAL_USE_FGS_SUBTYPE"
54-->src\main\AndroidManifest.xml:36:17-76
55                android:value="Local music scrobbling from media notifications" />
55-->src\main\AndroidManifest.xml:37:17-80
56        </service>
57        <service
57-->src\main\AndroidManifest.xml:40:9-51:19
58            android:name="com.jfcardenas.musicwall.service.CollageWallpaper"
58-->src\main\AndroidManifest.xml:41:13-53
59            android:exported="true"
59-->src\main\AndroidManifest.xml:44:13-36
60            android:label="@string/app_name"
60-->src\main\AndroidManifest.xml:42:13-45
61            android:permission="android.permission.BIND_WALLPAPER" >
61-->src\main\AndroidManifest.xml:43:13-67
62            <intent-filter>
62-->src\main\AndroidManifest.xml:45:13-47:29
63                <action android:name="android.service.wallpaper.WallpaperService" />
63-->src\main\AndroidManifest.xml:46:17-85
63-->src\main\AndroidManifest.xml:46:25-82
64            </intent-filter>
65
66            <meta-data
66-->src\main\AndroidManifest.xml:48:13-50:53
67                android:name="android.service.wallpaper"
67-->src\main\AndroidManifest.xml:49:17-57
68                android:resource="@xml/wallpaper" />
68-->src\main\AndroidManifest.xml:50:17-50
69        </service>
70
71        <activity
71-->src\main\AndroidManifest.xml:53:9-62:20
72            android:name="com.jfcardenas.musicwall.OnboardingActivity"
72-->src\main\AndroidManifest.xml:54:13-47
73            android:exported="true"
73-->src\main\AndroidManifest.xml:56:13-36
74            android:label="@string/app_name"
74-->src\main\AndroidManifest.xml:55:13-45
75            android:windowSoftInputMode="adjustResize" >
75-->src\main\AndroidManifest.xml:57:13-55
76            <intent-filter>
76-->src\main\AndroidManifest.xml:58:13-61:29
77                <action android:name="android.intent.action.MAIN" />
77-->src\main\AndroidManifest.xml:59:17-69
77-->src\main\AndroidManifest.xml:59:25-66
78
79                <category android:name="android.intent.category.LAUNCHER" />
79-->src\main\AndroidManifest.xml:60:17-77
79-->src\main\AndroidManifest.xml:60:27-74
80            </intent-filter>
81        </activity>
82        <activity
82-->src\main\AndroidManifest.xml:64:9-67:40
83            android:name="com.jfcardenas.musicwall.MainActivity"
83-->src\main\AndroidManifest.xml:65:13-41
84            android:exported="false"
84-->src\main\AndroidManifest.xml:67:13-37
85            android:label="@string/app_name" />
85-->src\main\AndroidManifest.xml:66:13-45
86        <activity
86-->src\main\AndroidManifest.xml:69:9-73:58
87            android:name="com.jfcardenas.musicwall.features.connect.ConnectActivity"
87-->src\main\AndroidManifest.xml:70:13-61
88            android:exported="false"
88-->src\main\AndroidManifest.xml:72:13-37
89            android:label="@string/app_name"
89-->src\main\AndroidManifest.xml:71:13-45
90            android:windowSoftInputMode="adjustResize" />
90-->src\main\AndroidManifest.xml:73:13-55
91        <activity
91-->src\main\AndroidManifest.xml:75:9-78:39
92            android:name="com.jfcardenas.musicwall.settings.WallpaperSettingsActivity"
92-->src\main\AndroidManifest.xml:76:13-63
93            android:exported="true"
93-->src\main\AndroidManifest.xml:78:13-36
94            android:label="@string/settings_title" />
94-->src\main\AndroidManifest.xml:77:13-51
95
96        <!--
97            WorkManager is initialized via Configuration.Provider in MusicWallApp.
98            This disables the default initializer to avoid duplicate initialization.
99        -->
100        <provider
100-->INJECTED
101            android:name="androidx.startup.InitializationProvider"
101-->src\main\AndroidManifest.xml:85:13-67
102            android:authorities="com.jfcardenas.musicwall.androidx-startup"
102-->INJECTED
103            android:exported="false" >
103-->src\main\AndroidManifest.xml:87:13-37
104            <meta-data
104-->[androidx.emoji2:emoji2:1.4.0] AndroidManifest.xml:29:13-31:52
105                android:name="androidx.emoji2.text.EmojiCompatInitializer"
105-->[androidx.emoji2:emoji2:1.4.0] AndroidManifest.xml:30:17-75
106                android:value="androidx.startup" />
106-->[androidx.emoji2:emoji2:1.4.0] AndroidManifest.xml:31:17-49
107            <meta-data
107-->[androidx.lifecycle:lifecycle-process:2.8.7] AndroidManifest.xml:29:13-31:52
108                android:name="androidx.lifecycle.ProcessLifecycleInitializer"
108-->[androidx.lifecycle:lifecycle-process:2.8.7] AndroidManifest.xml:30:17-78
109                android:value="androidx.startup" />
109-->[androidx.lifecycle:lifecycle-process:2.8.7] AndroidManifest.xml:31:17-49
110            <meta-data
110-->[androidx.profileinstaller:profileinstaller:1.4.0] AndroidManifest.xml:29:13-31:52
111                android:name="androidx.profileinstaller.ProfileInstallerInitializer"
111-->[androidx.profileinstaller:profileinstaller:1.4.0] AndroidManifest.xml:30:17-85
112                android:value="androidx.startup" />
112-->[androidx.profileinstaller:profileinstaller:1.4.0] AndroidManifest.xml:31:17-49
113        </provider>
114        <provider
114-->INJECTED
115            android:name="androidx.core.content.FileProvider"
115-->src\main\AndroidManifest.xml:96:13-62
116            android:authorities="com.jfcardenas.musicwall.fileprovider"
116-->INJECTED
117            android:exported="false"
117-->src\main\AndroidManifest.xml:98:13-37
118            android:grantUriPermissions="true" >
118-->src\main\AndroidManifest.xml:99:13-47
119            <meta-data
119-->src\main\AndroidManifest.xml:100:13-102:54
120                android:name="android.support.FILE_PROVIDER_PATHS"
120-->src\main\AndroidManifest.xml:101:17-67
121                android:resource="@xml/file_paths" />
121-->src\main\AndroidManifest.xml:102:17-51
122        </provider>
123
124        <service
124-->[androidx.credentials:credentials-play-services-auth:1.3.0] AndroidManifest.xml:24:9-32:19
125            android:name="androidx.credentials.playservices.CredentialProviderMetadataHolder"
125-->[androidx.credentials:credentials-play-services-auth:1.3.0] AndroidManifest.xml:25:13-94
126            android:enabled="true"
126-->[androidx.credentials:credentials-play-services-auth:1.3.0] AndroidManifest.xml:26:13-35
127            android:exported="false" >
127-->[androidx.credentials:credentials-play-services-auth:1.3.0] AndroidManifest.xml:27:13-37
128            <meta-data
128-->[androidx.credentials:credentials-play-services-auth:1.3.0] AndroidManifest.xml:29:13-31:104
129                android:name="androidx.credentials.CREDENTIAL_PROVIDER_KEY"
129-->[androidx.credentials:credentials-play-services-auth:1.3.0] AndroidManifest.xml:30:17-76
130                android:value="androidx.credentials.playservices.CredentialProviderPlayServicesImpl" />
130-->[androidx.credentials:credentials-play-services-auth:1.3.0] AndroidManifest.xml:31:17-101
131        </service>
132
133        <activity
133-->[androidx.credentials:credentials-play-services-auth:1.3.0] AndroidManifest.xml:34:9-41:20
134            android:name="androidx.credentials.playservices.HiddenActivity"
134-->[androidx.credentials:credentials-play-services-auth:1.3.0] AndroidManifest.xml:35:13-76
135            android:configChanges="orientation|screenSize|screenLayout|keyboardHidden"
135-->[androidx.credentials:credentials-play-services-auth:1.3.0] AndroidManifest.xml:36:13-87
136            android:enabled="true"
136-->[androidx.credentials:credentials-play-services-auth:1.3.0] AndroidManifest.xml:37:13-35
137            android:exported="false"
137-->[androidx.credentials:credentials-play-services-auth:1.3.0] AndroidManifest.xml:38:13-37
138            android:fitsSystemWindows="true"
138-->[androidx.credentials:credentials-play-services-auth:1.3.0] AndroidManifest.xml:39:13-45
139            android:theme="@style/Theme.Hidden" >
139-->[androidx.credentials:credentials-play-services-auth:1.3.0] AndroidManifest.xml:40:13-48
140        </activity>
141        <activity
141-->[com.google.android.gms:play-services-auth:21.1.1] AndroidManifest.xml:23:9-27:75
142            android:name="com.google.android.gms.auth.api.signin.internal.SignInHubActivity"
142-->[com.google.android.gms:play-services-auth:21.1.1] AndroidManifest.xml:24:13-93
143            android:excludeFromRecents="true"
143-->[com.google.android.gms:play-services-auth:21.1.1] AndroidManifest.xml:25:13-46
144            android:exported="false"
144-->[com.google.android.gms:play-services-auth:21.1.1] AndroidManifest.xml:26:13-37
145            android:theme="@android:style/Theme.Translucent.NoTitleBar" />
145-->[com.google.android.gms:play-services-auth:21.1.1] AndroidManifest.xml:27:13-72
146        <!--
147            Service handling Google Sign-In user revocation. For apps that do not integrate with
148            Google Sign-In, this service will never be started.
149        -->
150        <service
150-->[com.google.android.gms:play-services-auth:21.1.1] AndroidManifest.xml:33:9-37:51
151            android:name="com.google.android.gms.auth.api.signin.RevocationBoundService"
151-->[com.google.android.gms:play-services-auth:21.1.1] AndroidManifest.xml:34:13-89
152            android:exported="true"
152-->[com.google.android.gms:play-services-auth:21.1.1] AndroidManifest.xml:35:13-36
153            android:permission="com.google.android.gms.auth.api.signin.permission.REVOCATION_NOTIFICATION"
153-->[com.google.android.gms:play-services-auth:21.1.1] AndroidManifest.xml:36:13-107
154            android:visibleToInstantApps="true" />
154-->[com.google.android.gms:play-services-auth:21.1.1] AndroidManifest.xml:37:13-48
155
156        <activity
156-->[com.google.android.gms:play-services-base:18.3.0] AndroidManifest.xml:20:9-22:45
157            android:name="com.google.android.gms.common.api.GoogleApiActivity"
157-->[com.google.android.gms:play-services-base:18.3.0] AndroidManifest.xml:20:19-85
158            android:exported="false"
158-->[com.google.android.gms:play-services-base:18.3.0] AndroidManifest.xml:22:19-43
159            android:theme="@android:style/Theme.Translucent.NoTitleBar" />
159-->[com.google.android.gms:play-services-base:18.3.0] AndroidManifest.xml:21:19-78
160
161        <meta-data
161-->[com.google.android.gms:play-services-basement:18.3.0] AndroidManifest.xml:21:9-23:69
162            android:name="com.google.android.gms.version"
162-->[com.google.android.gms:play-services-basement:18.3.0] AndroidManifest.xml:22:13-58
163            android:value="@integer/google_play_services_version" />
163-->[com.google.android.gms:play-services-basement:18.3.0] AndroidManifest.xml:23:13-66
164
165        <service
165-->[androidx.work:work-runtime:2.9.1] AndroidManifest.xml:39:9-45:35
166            android:name="androidx.work.impl.background.systemalarm.SystemAlarmService"
166-->[androidx.work:work-runtime:2.9.1] AndroidManifest.xml:40:13-88
167            android:directBootAware="false"
167-->[androidx.work:work-runtime:2.9.1] AndroidManifest.xml:41:13-44
168            android:enabled="@bool/enable_system_alarm_service_default"
168-->[androidx.work:work-runtime:2.9.1] AndroidManifest.xml:42:13-72
169            android:exported="false" />
169-->[androidx.work:work-runtime:2.9.1] AndroidManifest.xml:43:13-37
170        <service
170-->[androidx.work:work-runtime:2.9.1] AndroidManifest.xml:46:9-52:35
171            android:name="androidx.work.impl.background.systemjob.SystemJobService"
171-->[androidx.work:work-runtime:2.9.1] AndroidManifest.xml:47:13-84
172            android:directBootAware="false"
172-->[androidx.work:work-runtime:2.9.1] AndroidManifest.xml:48:13-44
173            android:enabled="@bool/enable_system_job_service_default"
173-->[androidx.work:work-runtime:2.9.1] AndroidManifest.xml:49:13-70
174            android:exported="true"
174-->[androidx.work:work-runtime:2.9.1] AndroidManifest.xml:50:13-36
175            android:permission="android.permission.BIND_JOB_SERVICE" />
175-->[androidx.work:work-runtime:2.9.1] AndroidManifest.xml:51:13-69
176        <service
176-->[androidx.work:work-runtime:2.9.1] AndroidManifest.xml:53:9-59:35
177            android:name="androidx.work.impl.foreground.SystemForegroundService"
177-->[androidx.work:work-runtime:2.9.1] AndroidManifest.xml:54:13-81
178            android:directBootAware="false"
178-->[androidx.work:work-runtime:2.9.1] AndroidManifest.xml:55:13-44
179            android:enabled="@bool/enable_system_foreground_service_default"
179-->[androidx.work:work-runtime:2.9.1] AndroidManifest.xml:56:13-77
180            android:exported="false" />
180-->[androidx.work:work-runtime:2.9.1] AndroidManifest.xml:57:13-37
181
182        <receiver
182-->[androidx.work:work-runtime:2.9.1] AndroidManifest.xml:61:9-66:35
183            android:name="androidx.work.impl.utils.ForceStopRunnable$BroadcastReceiver"
183-->[androidx.work:work-runtime:2.9.1] AndroidManifest.xml:62:13-88
184            android:directBootAware="false"
184-->[androidx.work:work-runtime:2.9.1] AndroidManifest.xml:63:13-44
185            android:enabled="true"
185-->[androidx.work:work-runtime:2.9.1] AndroidManifest.xml:64:13-35
186            android:exported="false" />
186-->[androidx.work:work-runtime:2.9.1] AndroidManifest.xml:65:13-37
187        <receiver
187-->[androidx.work:work-runtime:2.9.1] AndroidManifest.xml:67:9-77:20
188            android:name="androidx.work.impl.background.systemalarm.ConstraintProxy$BatteryChargingProxy"
188-->[androidx.work:work-runtime:2.9.1] AndroidManifest.xml:68:13-106
189            android:directBootAware="false"
189-->[androidx.work:work-runtime:2.9.1] AndroidManifest.xml:69:13-44
190            android:enabled="false"
190-->[androidx.work:work-runtime:2.9.1] AndroidManifest.xml:70:13-36
191            android:exported="false" >
191-->[androidx.work:work-runtime:2.9.1] AndroidManifest.xml:71:13-37
192            <intent-filter>
192-->[androidx.work:work-runtime:2.9.1] AndroidManifest.xml:73:13-76:29
193                <action android:name="android.intent.action.ACTION_POWER_CONNECTED" />
193-->[androidx.work:work-runtime:2.9.1] AndroidManifest.xml:74:17-87
193-->[androidx.work:work-runtime:2.9.1] AndroidManifest.xml:74:25-84
194                <action android:name="android.intent.action.ACTION_POWER_DISCONNECTED" />
194-->[androidx.work:work-runtime:2.9.1] AndroidManifest.xml:75:17-90
194-->[androidx.work:work-runtime:2.9.1] AndroidManifest.xml:75:25-87
195            </intent-filter>
196        </receiver>
197        <receiver
197-->[androidx.work:work-runtime:2.9.1] AndroidManifest.xml:78:9-88:20
198            android:name="androidx.work.impl.background.systemalarm.ConstraintProxy$BatteryNotLowProxy"
198-->[androidx.work:work-runtime:2.9.1] AndroidManifest.xml:79:13-104
199            android:directBootAware="false"
199-->[androidx.work:work-runtime:2.9.1] AndroidManifest.xml:80:13-44
200            android:enabled="false"
200-->[androidx.work:work-runtime:2.9.1] AndroidManifest.xml:81:13-36
201            android:exported="false" >
201-->[androidx.work:work-runtime:2.9.1] AndroidManifest.xml:82:13-37
202            <intent-filter>
202-->[androidx.work:work-runtime:2.9.1] AndroidManifest.xml:84:13-87:29
203                <action android:name="android.intent.action.BATTERY_OKAY" />
203-->[androidx.work:work-runtime:2.9.1] AndroidManifest.xml:85:17-77
203-->[androidx.work:work-runtime:2.9.1] AndroidManifest.xml:85:25-74
204                <action android:name="android.intent.action.BATTERY_LOW" />
204-->[androidx.work:work-runtime:2.9.1] AndroidManifest.xml:86:17-76
204-->[androidx.work:work-runtime:2.9.1] AndroidManifest.xml:86:25-73
205            </intent-filter>
206        </receiver>
207        <receiver
207-->[androidx.work:work-runtime:2.9.1] AndroidManifest.xml:89:9-99:20
208            android:name="androidx.work.impl.background.systemalarm.ConstraintProxy$StorageNotLowProxy"
208-->[androidx.work:work-runtime:2.9.1] AndroidManifest.xml:90:13-104
209            android:directBootAware="false"
209-->[androidx.work:work-runtime:2.9.1] AndroidManifest.xml:91:13-44
210            android:enabled="false"
210-->[androidx.work:work-runtime:2.9.1] AndroidManifest.xml:92:13-36
211            android:exported="false" >
211-->[androidx.work:work-runtime:2.9.1] AndroidManifest.xml:93:13-37
212            <intent-filter>
212-->[androidx.work:work-runtime:2.9.1] AndroidManifest.xml:95:13-98:29
213                <action android:name="android.intent.action.DEVICE_STORAGE_LOW" />
213-->[androidx.work:work-runtime:2.9.1] AndroidManifest.xml:96:17-83
213-->[androidx.work:work-runtime:2.9.1] AndroidManifest.xml:96:25-80
214                <action android:name="android.intent.action.DEVICE_STORAGE_OK" />
214-->[androidx.work:work-runtime:2.9.1] AndroidManifest.xml:97:17-82
214-->[androidx.work:work-runtime:2.9.1] AndroidManifest.xml:97:25-79
215            </intent-filter>
216        </receiver>
217        <receiver
217-->[androidx.work:work-runtime:2.9.1] AndroidManifest.xml:100:9-109:20
218            android:name="androidx.work.impl.background.systemalarm.ConstraintProxy$NetworkStateProxy"
218-->[androidx.work:work-runtime:2.9.1] AndroidManifest.xml:101:13-103
219            android:directBootAware="false"
219-->[androidx.work:work-runtime:2.9.1] AndroidManifest.xml:102:13-44
220            android:enabled="false"
220-->[androidx.work:work-runtime:2.9.1] AndroidManifest.xml:103:13-36
221            android:exported="false" >
221-->[androidx.work:work-runtime:2.9.1] AndroidManifest.xml:104:13-37
222            <intent-filter>
222-->[androidx.work:work-runtime:2.9.1] AndroidManifest.xml:106:13-108:29
223                <action android:name="android.net.conn.CONNECTIVITY_CHANGE" />
223-->[androidx.work:work-runtime:2.9.1] AndroidManifest.xml:107:17-79
223-->[androidx.work:work-runtime:2.9.1] AndroidManifest.xml:107:25-76
224            </intent-filter>
225        </receiver>
226        <receiver
226-->[androidx.work:work-runtime:2.9.1] AndroidManifest.xml:110:9-121:20
227            android:name="androidx.work.impl.background.systemalarm.RescheduleReceiver"
227-->[androidx.work:work-runtime:2.9.1] AndroidManifest.xml:111:13-88
228            android:directBootAware="false"
228-->[androidx.work:work-runtime:2.9.1] AndroidManifest.xml:112:13-44
229            android:enabled="false"
229-->[androidx.work:work-runtime:2.9.1] AndroidManifest.xml:113:13-36
230            android:exported="false" >
230-->[androidx.work:work-runtime:2.9.1] AndroidManifest.xml:114:13-37
231            <intent-filter>
231-->[androidx.work:work-runtime:2.9.1] AndroidManifest.xml:116:13-120:29
232                <action android:name="android.intent.action.BOOT_COMPLETED" />
232-->[androidx.work:work-runtime:2.9.1] AndroidManifest.xml:117:17-79
232-->[androidx.work:work-runtime:2.9.1] AndroidManifest.xml:117:25-76
233                <action android:name="android.intent.action.TIME_SET" />
233-->[androidx.work:work-runtime:2.9.1] AndroidManifest.xml:118:17-73
233-->[androidx.work:work-runtime:2.9.1] AndroidManifest.xml:118:25-70
234                <action android:name="android.intent.action.TIMEZONE_CHANGED" />
234-->[androidx.work:work-runtime:2.9.1] AndroidManifest.xml:119:17-81
234-->[androidx.work:work-runtime:2.9.1] AndroidManifest.xml:119:25-78
235            </intent-filter>
236        </receiver>
237        <receiver
237-->[androidx.work:work-runtime:2.9.1] AndroidManifest.xml:122:9-131:20
238            android:name="androidx.work.impl.background.systemalarm.ConstraintProxyUpdateReceiver"
238-->[androidx.work:work-runtime:2.9.1] AndroidManifest.xml:123:13-99
239            android:directBootAware="false"
239-->[androidx.work:work-runtime:2.9.1] AndroidManifest.xml:124:13-44
240            android:enabled="@bool/enable_system_alarm_service_default"
240-->[androidx.work:work-runtime:2.9.1] AndroidManifest.xml:125:13-72
241            android:exported="false" >
241-->[androidx.work:work-runtime:2.9.1] AndroidManifest.xml:126:13-37
242            <intent-filter>
242-->[androidx.work:work-runtime:2.9.1] AndroidManifest.xml:128:13-130:29
243                <action android:name="androidx.work.impl.background.systemalarm.UpdateProxies" />
243-->[androidx.work:work-runtime:2.9.1] AndroidManifest.xml:129:17-98
243-->[androidx.work:work-runtime:2.9.1] AndroidManifest.xml:129:25-95
244            </intent-filter>
245        </receiver>
246        <receiver
246-->[androidx.work:work-runtime:2.9.1] AndroidManifest.xml:132:9-142:20
247            android:name="androidx.work.impl.diagnostics.DiagnosticsReceiver"
247-->[androidx.work:work-runtime:2.9.1] AndroidManifest.xml:133:13-78
248            android:directBootAware="false"
248-->[androidx.work:work-runtime:2.9.1] AndroidManifest.xml:134:13-44
249            android:enabled="true"
249-->[androidx.work:work-runtime:2.9.1] AndroidManifest.xml:135:13-35
250            android:exported="true"
250-->[androidx.work:work-runtime:2.9.1] AndroidManifest.xml:136:13-36
251            android:permission="android.permission.DUMP" >
251-->[androidx.work:work-runtime:2.9.1] AndroidManifest.xml:137:13-57
252            <intent-filter>
252-->[androidx.work:work-runtime:2.9.1] AndroidManifest.xml:139:13-141:29
253                <action android:name="androidx.work.diagnostics.REQUEST_DIAGNOSTICS" />
253-->[androidx.work:work-runtime:2.9.1] AndroidManifest.xml:140:17-88
253-->[androidx.work:work-runtime:2.9.1] AndroidManifest.xml:140:25-85
254            </intent-filter>
255        </receiver>
256
257        <uses-library
257-->[androidx.window:window:1.0.0] AndroidManifest.xml:25:9-27:40
258            android:name="androidx.window.extensions"
258-->[androidx.window:window:1.0.0] AndroidManifest.xml:26:13-54
259            android:required="false" />
259-->[androidx.window:window:1.0.0] AndroidManifest.xml:27:13-37
260        <uses-library
260-->[androidx.window:window:1.0.0] AndroidManifest.xml:28:9-30:40
261            android:name="androidx.window.sidecar"
261-->[androidx.window:window:1.0.0] AndroidManifest.xml:29:13-51
262            android:required="false" />
262-->[androidx.window:window:1.0.0] AndroidManifest.xml:30:13-37
263
264        <service
264-->[androidx.room:room-runtime-android:2.8.4] AndroidManifest.xml:24:9-28:63
265            android:name="androidx.room.MultiInstanceInvalidationService"
265-->[androidx.room:room-runtime-android:2.8.4] AndroidManifest.xml:25:13-74
266            android:directBootAware="true"
266-->[androidx.room:room-runtime-android:2.8.4] AndroidManifest.xml:26:13-43
267            android:exported="false" />
267-->[androidx.room:room-runtime-android:2.8.4] AndroidManifest.xml:27:13-37
268
269        <receiver
269-->[androidx.profileinstaller:profileinstaller:1.4.0] AndroidManifest.xml:34:9-52:20
270            android:name="androidx.profileinstaller.ProfileInstallReceiver"
270-->[androidx.profileinstaller:profileinstaller:1.4.0] AndroidManifest.xml:35:13-76
271            android:directBootAware="false"
271-->[androidx.profileinstaller:profileinstaller:1.4.0] AndroidManifest.xml:36:13-44
272            android:enabled="true"
272-->[androidx.profileinstaller:profileinstaller:1.4.0] AndroidManifest.xml:37:13-35
273            android:exported="true"
273-->[androidx.profileinstaller:profileinstaller:1.4.0] AndroidManifest.xml:38:13-36
274            android:permission="android.permission.DUMP" >
274-->[androidx.profileinstaller:profileinstaller:1.4.0] AndroidManifest.xml:39:13-57
275            <intent-filter>
275-->[androidx.profileinstaller:profileinstaller:1.4.0] AndroidManifest.xml:40:13-42:29
276                <action android:name="androidx.profileinstaller.action.INSTALL_PROFILE" />
276-->[androidx.profileinstaller:profileinstaller:1.4.0] AndroidManifest.xml:41:17-91
276-->[androidx.profileinstaller:profileinstaller:1.4.0] AndroidManifest.xml:41:25-88
277            </intent-filter>
278            <intent-filter>
278-->[androidx.profileinstaller:profileinstaller:1.4.0] AndroidManifest.xml:43:13-45:29
279                <action android:name="androidx.profileinstaller.action.SKIP_FILE" />
279-->[androidx.profileinstaller:profileinstaller:1.4.0] AndroidManifest.xml:44:17-85
279-->[androidx.profileinstaller:profileinstaller:1.4.0] AndroidManifest.xml:44:25-82
280            </intent-filter>
281            <intent-filter>
281-->[androidx.profileinstaller:profileinstaller:1.4.0] AndroidManifest.xml:46:13-48:29
282                <action android:name="androidx.profileinstaller.action.SAVE_PROFILE" />
282-->[androidx.profileinstaller:profileinstaller:1.4.0] AndroidManifest.xml:47:17-88
282-->[androidx.profileinstaller:profileinstaller:1.4.0] AndroidManifest.xml:47:25-85
283            </intent-filter>
284            <intent-filter>
284-->[androidx.profileinstaller:profileinstaller:1.4.0] AndroidManifest.xml:49:13-51:29
285                <action android:name="androidx.profileinstaller.action.BENCHMARK_OPERATION" />
285-->[androidx.profileinstaller:profileinstaller:1.4.0] AndroidManifest.xml:50:17-95
285-->[androidx.profileinstaller:profileinstaller:1.4.0] AndroidManifest.xml:50:25-92
286            </intent-filter>
287        </receiver>
288    </application>
289
290</manifest>